<?xml version="1.0" encoding="UTF-8"?>
<testng-results skipped="0" failed="0" ignored="0" total="2" passed="2">
  <reporter-output>
  </reporter-output>
  <suite name="Command line suite" duration-ms="11272" started-at="2023-02-24T18:53:47Z" finished-at="2023-02-24T18:53:58Z">
    <groups>
    </groups>
    <test name="Command line test" duration-ms="11272" started-at="2023-02-24T18:53:47Z" finished-at="2023-02-24T18:53:58Z">
      <class name="test.AddCustomerTest">
        <test-method status="PASS" signature="UserShouldBeAbleToAddCustomer()[pri:0, instance:test.AddCustomerTest@13b6aecc]" name="UserShouldBeAbleToAddCustomer" duration-ms="7085" started-at="2023-02-24T18:53:47Z" finished-at="2023-02-24T18:53:54Z">
          <reporter-output>
          </reporter-output>
        </test-method> <!-- UserShouldBeAbleToAddCustomer -->
      </class> <!-- test.AddCustomerTest -->
      <class name="test.LoginTest">
        <test-method status="PASS" signature="ValidUserShouldAbleToLogin()[pri:0, instance:test.LoginTest@158a8276]" name="ValidUserShouldAbleToLogin" duration-ms="4167" started-at="2023-02-24T18:53:54Z" finished-at="2023-02-24T18:53:58Z">
          <reporter-output>
          </reporter-output>
        </test-method> <!-- ValidUserShouldAbleToLogin -->
      </class> <!-- test.LoginTest -->
    </test> <!-- Command line test -->
  </suite> <!-- Command line suite -->
</testng-results>
