<?xml version="1.0" encoding="UTF-8"?>
<testng-results skipped="0" failed="0" ignored="0" total="1" passed="1">
  <reporter-output>
  </reporter-output>
  <suite name="Default suite" duration-ms="12105" started-at="2023-02-25T15:01:49 EST" finished-at="2023-02-25T15:02:01 EST">
    <groups>
    </groups>
    <test name="Default test" duration-ms="12105" started-at="2023-02-25T15:01:49 EST" finished-at="2023-02-25T15:02:01 EST">
      <class name="test.ListCustomerTest">
        <test-method status="PASS" signature="UserShouldBeAbleToAddCustomer()[pri:0, instance:test.ListCustomerTest@156b88f5]" name="UserShouldBeAbleToAddCustomer" duration-ms="12067" started-at="2023-02-25T15:01:49 EST" finished-at="2023-02-25T15:02:01 EST">
          <reporter-output>
          </reporter-output>
        </test-method> <!-- UserShouldBeAbleToAddCustomer -->
      </class> <!-- test.ListCustomerTest -->
    </test> <!-- Default test -->
  </suite> <!-- Default suite -->
</testng-results>
